Base path: '/Applications/Unity/Hub/Editor/6000.1.14f1/Unity.app/Contents', plugins path '/Applications/Unity/Hub/Editor/6000.1.14f1/PlaybackEngines'
Cmd: initializeCompiler

Cmd: compileSnippet
  insize=51538 file=Assets/Mirza/Solaris/Shaders/Solaris.shader name=Mirza/Solaris pass=DepthOnly ppOnly=0 stripLineD=0 buildPlatform=2 rsLen=0 pKW=UNITY_ENABLE_REFLECTION_BUFFERS UNITY_FRAMEBUFFER_FETCH_AVAILABLE UNITY_USE_DITHER_MASK_FOR_ALPHABLENDED_SHADOWS UNITY_PBS_USE_BRDF1 UNITY_SPECCUBE_BOX_PROJECTION UNITY_SPECCUBE_BLENDING UNITY_ENABLE_DETAIL_NORMALMAP SHADER_API_DESKTOP UNITY_LIGHT_PROBE_PROXY_VOLUME UNITY_LIGHTMAP_FULL_HDR UNITY_NEEDS_RENDERPASS_FBFETCH_FALLBACK uKW=_FORWARD_PLUS _MAIN_LIGHT_SHADOWS _ADDITIONAL_LIGHT_SHADOWS _VERTEXNOISEDILATIONENABLED_ON _NOISEDISTORTIONDILATIONENABLED_ON _RADIALMASKSUBTRACTIVE_ON _RADIALMASK_ON _RADIALMASKDISTORTIONDILATIONENABLED_ON _VERTICALMASKSOBJECTSPACE_ON dKW=LOD_FADE_CROSSFADE DOTS_INSTANCING_ON _MAIN_LIGHT_SHADOWS_CASCADE _MAIN_LIGHT_SHADOWS_SCREEN _ADDITIONAL_LIGHTS INSTANCING_ON _SWAPUVXY_ON _VERTEXWAVEENABLED_ON _VERTEXNOISEENABLED_ON _WORLDSPACEUVS_ON _ADDITIONALLIGHTSTRANSPARENCYSHADOWENABLED_ON _MAINLIGHTTRANSPARENCYSHADOWENABLED_ON _VERTICALMASK2_ON _VERTICALMASK1_ON _NOISEDILATIONENABLED_ON _NOISEXZTWISTENABLED_ON _SPHERIZENOISE_ON _OBJECTSPACEUVS_ON _NOISEDISTORTIONENABLED_ON _RADIALMASKDISTORTIONENABLED_ON _VERTICALMASK1SUBTRACTIVE_ON _VERTICALMASK2SUBTRACTIVE_ON _INVERTDEPTHFADE_ON UNITY_NO_DXT5nm UNITY_METAL_SHADOWS_USE_POINT_FILTERING UNITY_NO_SCREENSPACE_SHADOWS UNITY_PBS_USE_BRDF2 UNITY_PBS_USE_BRDF3 UNITY_HARDWARE_TIER1 UNITY_HARDWARE_TIER2 UNITY_HARDWARE_TIER3 UNITY_COLORSPACE_GAMMA UNITY_LIGHTMAP_DLDR_ENCODING UNITY_LIGHTMAP_RGBM_ENCODING UNITY_VIRTUAL_TEXTURING UNITY_PRETRANSFORM_TO_DISPLAY_ORIENTATION UNITY_ASTC_NORMALMAP_ENCODING SHADER_API_GLES30 UNITY_UNIFIED_SHADER_PRECISION_MODEL flags=4294967328 lang=3 type=Vertex platform=metal reqs=1298411 mask=6 start=1668  error: 1 plat 28 at /Users/karolinelujan/LuminaGame/Library/PackageCache/com.unity.render-pipelines.universal@2626908b593c/ShaderLibrary/ForwardPlusKeyword.deprecated.hlsl(12): _FORWARD_PLUS shader keyword has been deprecated. Please update your shaders to use _CLUSTER_LIGHT_LOOP shader keyword instead, otherwise shader compilation times may be negatively affected.
  error: 1 plat 14 at Assets/Mirza/Solaris/Shaders/Solaris.shader(1977): implicit truncation of vector type
  error: 1 plat 14 at Assets/Mirza/Solaris/Shaders/Solaris.shader(1984): pow(f, e) will not work for negative f, use abs(f) or conditionally handle negative values if you expect them
  error: 1 plat 14 at Assets/Mirza/Solaris/Shaders/Solaris.shader(1991): pow(f, e) will not work for negative f, use abs(f) or conditionally handle negative values if you expect them
  error: 1 plat 14 at Assets/Mirza/Solaris/Shaders/Solaris.shader(2058): pow(f, e) will not work for negative f, use abs(f) or conditionally handle negative values if you expect them
  error: 1 plat 14 at Assets/Mirza/Solaris/Shaders/Solaris.shader(2068): pow(f, e) will not work for negative f, use abs(f) or conditionally handle negative values if you expect them
  error: 1 plat 14 at Assets/Mirza/Solaris/Shaders/Solaris.shader(2086): pow(f, e) will not work for negative f, use abs(f) or conditionally handle negative values if you expect them
  error: 1 plat 14 at Assets/Mirza/Solaris/Shaders/_Includes/Solaris.hlsl(17): 'multi_compile' : unknown pragma ignored
  error: 1 plat 14 at Assets/Mirza/Solaris/Shaders/_Includes/Solaris.hlsl(19): 'multi_compile' : unknown pragma ignored
  error: 1 plat 14 at Assets/Mirza/Solaris/Shaders/_Includes/Solaris.hlsl(21): 'multi_compile' : unknown pragma ignored
  error: 1 plat 14 at Assets/Mirza/Solaris/Shaders/_Includes/Solaris.hlsl(22): 'multi_compile' : unknown pragma ignored
  error: 1 plat 14 at Assets/Mirza/VFXToolkit/Shaders/_Includes/External/psrdnoise.hlsl(173): floating point division by zero
  error: 1 plat 14 at Assets/Mirza/VFXToolkit/Shaders/_Includes/External/psrdnoise.hlsl(175): floating point division by zero
  error: 1 plat 14 at Assets/Mirza/VFXToolkit/Shaders/_Includes/External/psrdnoise.hlsl(177): floating point division by zero
  error: 1 plat 28 at Assets/Mirza/VFXToolkit/Shaders/_Includes/Math.cginc(3): 'PI': macro redefinition. Previous definition found at /Users/karolinelujan/LuminaGame/Library/PackageCache/com.unity.render-pipelines.core@265bc324f310/ShaderLibrary/Macros.hlsl:23.
 ok=1 outsize=25120

Cmd: compileSnippet
  insize=1922 file=Packages/com.unity.render-pipelines.universal/Shaders/Lit.shader name=Universal Render Pipeline/Lit pass=Meta ppOnly=0 stripLineD=0 buildPlatform=2 rsLen=0 pKW=UNITY_ENABLE_REFLECTION_BUFFERS UNITY_FRAMEBUFFER_FETCH_AVAILABLE UNITY_USE_DITHER_MASK_FOR_ALPHABLENDED_SHADOWS UNITY_PBS_USE_BRDF1 UNITY_SPECCUBE_BOX_PROJECTION UNITY_SPECCUBE_BLENDING UNITY_ENABLE_DETAIL_NORMALMAP SHADER_API_DESKTOP UNITY_LIGHT_PROBE_PROXY_VOLUME UNITY_LIGHTMAP_FULL_HDR UNITY_NEEDS_RENDERPASS_FBFETCH_FALLBACK UNITY_PASS_META uKW=_EMISSION dKW=EDITOR_VISUALIZATION _SPECULAR_SETUP _METALLICSPECGLOSSMAP _ALPHATEST_ON _SMOOTHNESS_TEXTURE_ALBEDO_CHANNEL_A _SPECGLOSSMAP _DETAIL_MULX2 _DETAIL_SCALED UNITY_NO_DXT5nm UNITY_METAL_SHADOWS_USE_POINT_FILTERING UNITY_NO_SCREENSPACE_SHADOWS UNITY_PBS_USE_BRDF2 UNITY_PBS_USE_BRDF3 UNITY_HARDWARE_TIER1 UNITY_HARDWARE_TIER2 UNITY_HARDWARE_TIER3 UNITY_COLORSPACE_GAMMA UNITY_LIGHTMAP_DLDR_ENCODING UNITY_LIGHTMAP_RGBM_ENCODING UNITY_VIRTUAL_TEXTURING UNITY_PRETRANSFORM_TO_DISPLAY_ORIENTATION UNITY_ASTC_NORMALMAP_ENCODING SHADER_API_GLES30 UNITY_UNIFIED_SHADER_PRECISION_MODEL flags=4294967328 lang=3 type=Fragment platform=metal reqs=1 mask=6 start=421 ok=1 outsize=3769

Cmd: compileSnippet
  insize=51646 file=Assets/Mirza/Solaris/Shaders/Solaris.shader name=Mirza/Solaris pass=SceneSelectionPass ppOnly=0 stripLineD=0 buildPlatform=2 rsLen=0 pKW=UNITY_ENABLE_REFLECTION_BUFFERS UNITY_FRAMEBUFFER_FETCH_AVAILABLE UNITY_USE_DITHER_MASK_FOR_ALPHABLENDED_SHADOWS UNITY_PBS_USE_BRDF1 UNITY_SPECCUBE_BOX_PROJECTION UNITY_SPECCUBE_BLENDING UNITY_ENABLE_DETAIL_NORMALMAP SHADER_API_DESKTOP UNITY_LIGHT_PROBE_PROXY_VOLUME UNITY_LIGHTMAP_FULL_HDR UNITY_NEEDS_RENDERPASS_FBFETCH_FALLBACK uKW=_FORWARD_PLUS _MAIN_LIGHT_SHADOWS _ADDITIONAL_LIGHT_SHADOWS _NOISEDILATIONENABLED_ON _ADDITIONALLIGHTSTRANSPARENCYSHADOWENABLED_ON _VERTICALMASK2_ON _VERTICALMASK1_ON _RADIALMASKSUBTRACTIVE_ON dKW=_WRITE_RENDERING_LAYERS DOTS_INSTANCING_ON _MAIN_LIGHT_SHADOWS_CASCADE _MAIN_LIGHT_SHADOWS_SCREEN _ADDITIONAL_LIGHTS _SWAPUVXY_ON _VERTEXWAVEENABLED_ON _VERTEXNOISEENABLED_ON _VERTEXNOISEDILATIONENABLED_ON _WORLDSPACEUVS_ON _MAINLIGHTTRANSPARENCYSHADOWENABLED_ON _NOISEXZTWISTENABLED_ON _SPHERIZENOISE_ON _OBJECTSPACEUVS_ON _NOISEDISTORTIONENABLED_ON _NOISEDISTORTIONDILATIONENABLED_ON _RADIALMASK_ON _RADIALMASKDISTORTIONENABLED_ON _RADIALMASKDISTORTIONDILATIONENABLED_ON _VERTICALMASK1SUBTRACTIVE_ON _VERTICALMASKSOBJECTSPACE_ON _VERTICALMASK2SUBTRACTIVE_ON _INVERTDEPTHFADE_ON UNITY_NO_DXT5nm UNITY_METAL_SHADOWS_USE_POINT_FILTERING UNITY_NO_SCREENSPACE_SHADOWS UNITY_PBS_USE_BRDF2 UNITY_PBS_USE_BRDF3 UNITY_HARDWARE_TIER1 UNITY_HARDWARE_TIER2 UNITY_HARDWARE_TIER3 UNITY_COLORSPACE_GAMMA UNITY_LIGHTMAP_DLDR_ENCODING UNITY_LIGHTMAP_RGBM_ENCODING UNITY_VIRTUAL_TEXTURING UNITY_PRETRANSFORM_TO_DISPLAY_ORIENTATION UNITY_ASTC_NORMALMAP_ENCODING SHADER_API_GLES30 UNITY_UNIFIED_SHADER_PRECISION_MODEL flags=4294967328 lang=3 type=Fragment platform=metal reqs=1298411 mask=6 start=2659  error: 1 plat 28 at /Users/karolinelujan/LuminaGame/Library/PackageCache/com.unity.render-pipelines.universal@2626908b593c/ShaderLibrary/ForwardPlusKeyword.deprecated.hlsl(12): _FORWARD_PLUS shader keyword has been deprecated. Please update your shaders to use _CLUSTER_LIGHT_LOOP shader keyword instead, otherwise shader compilation times may be negatively affected.
  error: 1 plat 14 at Assets/Mirza/Solaris/Shaders/Solaris.shader(2976): implicit truncation of vector type
  error: 1 plat 14 at Assets/Mirza/Solaris/Shaders/Solaris.shader(3494): pow(f, e) will not work for negative f, use abs(f) or conditionally handle negative values if you expect them
  error: 1 plat 14 at Assets/Mirza/Solaris/Shaders/Solaris.shader(3575): pow(f, e) will not work for negative f, use abs(f) or conditionally handle negative values if you expect them
  error: 1 plat 14 at Assets/Mirza/Solaris/Shaders/_Includes/Solaris.hlsl(17): 'multi_compile' : unknown pragma ignored
  error: 1 plat 14 at Assets/Mirza/Solaris/Shaders/_Includes/Solaris.hlsl(19): 'multi_compile' : unknown pragma ignored
  error: 1 plat 14 at Assets/Mirza/Solaris/Shaders/_Includes/Solaris.hlsl(21): 'multi_compile' : unknown pragma ignored
  error: 1 plat 14 at Assets/Mirza/Solaris/Shaders/_Includes/Solaris.hlsl(22): 'multi_compile' : unknown pragma ignored
  error: 1 plat 14 at Assets/Mirza/VFXToolkit/Shaders/_Includes/External/psrdnoise.hlsl(173): floating point division by zero
  error: 1 plat 14 at Assets/Mirza/VFXToolkit/Shaders/_Includes/External/psrdnoise.hlsl(175): floating point division by zero
  error: 1 plat 14 at Assets/Mirza/VFXToolkit/Shaders/_Includes/External/psrdnoise.hlsl(177): floating point division by zero
  error: 1 plat 28 at Assets/Mirza/VFXToolkit/Shaders/_Includes/Math.cginc(3): 'PI': macro redefinition. Previous definition found at /Users/karolinelujan/LuminaGame/Library/PackageCache/com.unity.render-pipelines.core@265bc324f310/ShaderLibrary/Macros.hlsl:23.
  error: 1 plat 14 at Assets/Mirza/VFXToolkit/Shaders/_Includes/Math.cginc(216): pow(f, e) will not work for negative f, use abs(f) or conditionally handle negative values if you expect them
 ok=1 outsize=693

Cmd: compileSnippet
  insize=52752 file=Assets/Mirza/Solaris/Shaders/Solaris.shader name=Mirza/Solaris pass=DepthNormals ppOnly=0 stripLineD=0 buildPlatform=2 rsLen=0 pKW=UNITY_ENABLE_REFLECTION_BUFFERS UNITY_FRAMEBUFFER_FETCH_AVAILABLE UNITY_USE_DITHER_MASK_FOR_ALPHABLENDED_SHADOWS UNITY_PBS_USE_BRDF1 UNITY_SPECCUBE_BOX_PROJECTION UNITY_SPECCUBE_BLENDING UNITY_ENABLE_DETAIL_NORMALMAP SHADER_API_DESKTOP UNITY_LIGHT_PROBE_PROXY_VOLUME UNITY_LIGHTMAP_FULL_HDR UNITY_NEEDS_RENDERPASS_FBFETCH_FALLBACK uKW=_FORWARD_PLUS _MAIN_LIGHT_SHADOWS _ADDITIONAL_LIGHT_SHADOWS _NOISEDILATIONENABLED_ON _ADDITIONALLIGHTSTRANSPARENCYSHADOWENABLED_ON _VERTICALMASK2_ON _VERTICALMASK1_ON _RADIALMASKSUBTRACTIVE_ON dKW=LOD_FADE_CROSSFADE DOTS_INSTANCING_ON _MAIN_LIGHT_SHADOWS_CASCADE _MAIN_LIGHT_SHADOWS_SCREEN _ADDITIONAL_LIGHTS INSTANCING_ON _SWAPUVXY_ON _VERTEXWAVEENABLED_ON _VERTEXNOISEENABLED_ON _VERTEXNOISEDILATIONENABLED_ON _WORLDSPACEUVS_ON _MAINLIGHTTRANSPARENCYSHADOWENABLED_ON _NOISEXZTWISTENABLED_ON _SPHERIZENOISE_ON _OBJECTSPACEUVS_ON _NOISEDISTORTIONENABLED_ON _NOISEDISTORTIONDILATIONENABLED_ON _RADIALMASK_ON _RADIALMASKDISTORTIONENABLED_ON _RADIALMASKDISTORTIONDILATIONENABLED_ON _VERTICALMASK1SUBTRACTIVE_ON _VERTICALMASKSOBJECTSPACE_ON _VERTICALMASK2SUBTRACTIVE_ON _INVERTDEPTHFADE_ON UNITY_NO_DXT5nm UNITY_METAL_SHADOWS_USE_POINT_FILTERING UNITY_NO_SCREENSPACE_SHADOWS UNITY_PBS_USE_BRDF2 UNITY_PBS_USE_BRDF3 UNITY_HARDWARE_TIER1 UNITY_HARDWARE_TIER2 UNITY_HARDWARE_TIER3 UNITY_COLORSPACE_GAMMA UNITY_LIGHTMAP_DLDR_ENCODING UNITY_LIGHTMAP_RGBM_ENCODING UNITY_VIRTUAL_TEXTURING UNITY_PRETRANSFORM_TO_DISPLAY_ORIENTATION UNITY_ASTC_NORMALMAP_ENCODING SHADER_API_GLES30 UNITY_UNIFIED_SHADER_PRECISION_MODEL flags=4294967328 lang=3 type=Vertex platform=metal reqs=1298411 mask=6 start=4627  error: 1 plat 28 at /Users/karolinelujan/LuminaGame/Library/PackageCache/com.unity.render-pipelines.universal@2626908b593c/ShaderLibrary/ForwardPlusKeyword.deprecated.hlsl(12): _FORWARD_PLUS shader keyword has been deprecated. Please update your shaders to use _CLUSTER_LIGHT_LOOP shader keyword instead, otherwise shader compilation times may be negatively affected.
  error: 1 plat 14 at Assets/Mirza/Solaris/Shaders/Solaris.shader(4952): implicit truncation of vector type
  error: 1 plat 14 at Assets/Mirza/Solaris/Shaders/Solaris.shader(4959): pow(f, e) will not work for negative f, use abs(f) or conditionally handle negative values if you expect them
  error: 1 plat 14 at Assets/Mirza/Solaris/Shaders/Solaris.shader(4966): pow(f, e) will not work for negative f, use abs(f) or conditionally handle negative values if you expect them
  error: 1 plat 14 at Assets/Mirza/Solaris/Shaders/Solaris.shader(5033): pow(f, e) will not work for negative f, use abs(f) or conditionally handle negative values if you expect them
  error: 1 plat 14 at Assets/Mirza/Solaris/Shaders/Solaris.shader(5043): pow(f, e) will not work for negative f, use abs(f) or conditionally handle negative values if you expect them
  error: 1 plat 14 at Assets/Mirza/Solaris/Shaders/Solaris.shader(5061): pow(f, e) will not work for negative f, use abs(f) or conditionally handle negative values if you expect them
  error: 1 plat 14 at Assets/Mirza/Solaris/Shaders/_Includes/Solaris.hlsl(17): 'multi_compile' : unknown pragma ignored
  error: 1 plat 14 at Assets/Mirza/Solaris/Shaders/_Includes/Solaris.hlsl(19): 'multi_compile' : unknown pragma ignored
  error: 1 plat 14 at Assets/Mirza/Solaris/Shaders/_Includes/Solaris.hlsl(21): 'multi_compile' : unknown pragma ignored
  error: 1 plat 14 at Assets/Mirza/Solaris/Shaders/_Includes/Solaris.hlsl(22): 'multi_compile' : unknown pragma ignored
  error: 1 plat 14 at Assets/Mirza/VFXToolkit/Shaders/_Includes/External/psrdnoise.hlsl(173): floating point division by zero
  error: 1 plat 14 at Assets/Mirza/VFXToolkit/Shaders/_Includes/External/psrdnoise.hlsl(175): floating point division by zero
  error: 1 plat 14 at Assets/Mirza/VFXToolkit/Shaders/_Includes/External/psrdnoise.hlsl(177): floating point division by zero
  error: 1 plat 28 at Assets/Mirza/VFXToolkit/Shaders/_Includes/Math.cginc(3): 'PI': macro redefinition. Previous definition found at /Users/karolinelujan/LuminaGame/Library/PackageCache/com.unity.render-pipelines.core@265bc324f310/ShaderLibrary/Macros.hlsl:23.
 ok=1 outsize=25097

