Base path: '/Applications/Unity/Hub/Editor/6000.1.14f1/Unity.app/Contents', plugins path '/Applications/Unity/Hub/Editor/6000.1.14f1/PlaybackEngines'
Cmd: initializeCompiler

Cmd: compileSnippet
  insize=66979 file=Assets/Mirza/Solaris/Shaders/Solaris.shader name=Mirza/Solaris pass=Forward ppOnly=0 stripLineD=0 buildPlatform=2 rsLen=0 pKW=UNITY_ENABLE_REFLECTION_BUFFERS UNITY_FRAMEBUFFER_FETCH_AVAILABLE UNITY_USE_DITHER_MASK_FOR_ALPHABLENDED_SHADOWS UNITY_PBS_USE_BRDF1 UNITY_SPECCUBE_BOX_PROJECTION UNITY_SPECCUBE_BLENDING UNITY_ENABLE_DETAIL_NORMALMAP SHADER_API_DESKTOP UNITY_LIGHT_PROBE_PROXY_VOLUME UNITY_LIGHTMAP_FULL_HDR UNITY_NEEDS_RENDERPASS_FBFETCH_FALLBACK uKW=_FORWARD_PLUS _MAIN_LIGHT_SHADOWS_CASCADE _ADDITIONAL_LIGHT_SHADOWS _VERTEXNOISEDILATIONENABLED_ON _WORLDSPACEUVS_ON _NOISEDILATIONENABLED_ON _OBJECTSPACEUVS_ON _NOISEDISTORTIONENABLED_ON _NOISEDISTORTIONDILATIONENABLED_ON _MAINLIGHTFLATENABLED_ON _ADDITIONALLIGHTSFLATENABLED_ON _RADIALMASKSUBTRACTIVE_ON _RADIALMASKDISTORTIONENABLED_ON _RADIALMASKDISTORTIONDILATIONENABLED_ON _VERTICALMASKSOBJECTSPACE_ON dKW=LOD_FADE_CROSSFADE DIRLIGHTMAP_COMBINED LIGHTMAP_ON DYNAMICLIGHTMAP_ON DOTS_INSTANCING_ON _MAIN_LIGHT_SHADOWS _MAIN_LIGHT_SHADOWS_SCREEN _ADDITIONAL_LIGHTS INSTANCING_ON FOG_LINEAR FOG_EXP FOG_EXP2 _SWAPUVXY_ON _VERTEXWAVEENABLED_ON _VERTEXNOISEENABLED_ON _VERTICALCOLOUR_ON _NOISEXZTWISTENABLED_ON _SPHERIZENOISE_ON _MAINLIGHTENABLED_ON _MAINLIGHTLAMBERTENABLED_ON _ADDITIONALLIGHTSENABLED_ON _ADDITIONALLIGHTSLAMBERTENABLED_ON _ADDITIONALLIGHTSTRANSPARENCYSHADOWENABLED_ON _MAINLIGHTTRANSPARENCYSHADOWENABLED_ON _VERTICALMASK2_ON _VERTICALMASK1_ON _RADIALMASK_ON _VERTICALMASK1SUBTRACTIVE_ON _VERTICALMASK2SUBTRACTIVE_ON _INVERTDEPTHFADE_ON UNITY_NO_DXT5nm UNITY_METAL_SHADOWS_USE_POINT_FILTERING UNITY_NO_SCREENSPACE_SHADOWS UNITY_PBS_USE_BRDF2 UNITY_PBS_USE_BRDF3 UNITY_HARDWARE_TIER1 UNITY_HARDWARE_TIER2 UNITY_HARDWARE_TIER3 UNITY_COLORSPACE_GAMMA UNITY_LIGHTMAP_DLDR_ENCODING UNITY_LIGHTMAP_RGBM_ENCODING UNITY_VIRTUAL_TEXTURING UNITY_PRETRANSFORM_TO_DISPLAY_ORIENTATION UNITY_ASTC_NORMALMAP_ENCODING SHADER_API_GLES30 UNITY_UNIFIED_SHADER_PRECISION_MODEL flags=4294967328 lang=3 type=Vertex platform=metal reqs=1298411 mask=6 start=385  error: 1 plat 28 at /Users/karolinelujan/LuminaGame/Library/PackageCache/com.unity.render-pipelines.universal@2626908b593c/ShaderLibrary/ForwardPlusKeyword.deprecated.hlsl(12): _FORWARD_PLUS shader keyword has been deprecated. Please update your shaders to use _CLUSTER_LIGHT_LOOP shader keyword instead, otherwise shader compilation times may be negatively affected.
  error: 1 plat 14 at Assets/Mirza/Solaris/Shaders/Solaris.shader(781): implicit truncation of vector type
  error: 1 plat 14 at Assets/Mirza/Solaris/Shaders/Solaris.shader(788): pow(f, e) will not work for negative f, use abs(f) or conditionally handle negative values if you expect them
  error: 1 plat 14 at Assets/Mirza/Solaris/Shaders/Solaris.shader(795): pow(f, e) will not work for negative f, use abs(f) or conditionally handle negative values if you expect them
  error: 1 plat 14 at Assets/Mirza/Solaris/Shaders/Solaris.shader(862): pow(f, e) will not work for negative f, use abs(f) or conditionally handle negative values if you expect them
  error: 1 plat 14 at Assets/Mirza/Solaris/Shaders/Solaris.shader(872): pow(f, e) will not work for negative f, use abs(f) or conditionally handle negative values if you expect them
  error: 1 plat 14 at Assets/Mirza/Solaris/Shaders/Solaris.shader(890): pow(f, e) will not work for negative f, use abs(f) or conditionally handle negative values if you expect them
  error: 1 plat 14 at Assets/Mirza/Solaris/Shaders/_Includes/Solaris.hlsl(17): 'multi_compile' : unknown pragma ignored
  error: 1 plat 14 at Assets/Mirza/Solaris/Shaders/_Includes/Solaris.hlsl(19): 'multi_compile' : unknown pragma ignored
  error: 1 plat 14 at Assets/Mirza/Solaris/Shaders/_Includes/Solaris.hlsl(21): 'multi_compile' : unknown pragma ignored
  error: 1 plat 14 at Assets/Mirza/Solaris/Shaders/_Includes/Solaris.hlsl(22): 'multi_compile' : unknown pragma ignored
  error: 1 plat 14 at Assets/Mirza/VFXToolkit/Shaders/_Includes/External/psrdnoise.hlsl(173): floating point division by zero
  error: 1 plat 14 at Assets/Mirza/VFXToolkit/Shaders/_Includes/External/psrdnoise.hlsl(175): floating point division by zero
  error: 1 plat 14 at Assets/Mirza/VFXToolkit/Shaders/_Includes/External/psrdnoise.hlsl(177): floating point division by zero
  error: 1 plat 28 at Assets/Mirza/VFXToolkit/Shaders/_Includes/Math.cginc(3): 'PI': macro redefinition. Previous definition found at /Users/karolinelujan/LuminaGame/Library/PackageCache/com.unity.render-pipelines.core@265bc324f310/ShaderLibrary/Macros.hlsl:23.
 ok=1 outsize=25191

Cmd: compileSnippet
  insize=51782 file=Assets/Mirza/Solaris/Shaders/Solaris.shader name=Mirza/Solaris pass=ScenePickingPass ppOnly=0 stripLineD=0 buildPlatform=2 rsLen=0 pKW=UNITY_ENABLE_REFLECTION_BUFFERS UNITY_FRAMEBUFFER_FETCH_AVAILABLE UNITY_USE_DITHER_MASK_FOR_ALPHABLENDED_SHADOWS UNITY_PBS_USE_BRDF1 UNITY_SPECCUBE_BOX_PROJECTION UNITY_SPECCUBE_BLENDING UNITY_ENABLE_DETAIL_NORMALMAP SHADER_API_DESKTOP UNITY_LIGHT_PROBE_PROXY_VOLUME UNITY_LIGHTMAP_FULL_HDR UNITY_NEEDS_RENDERPASS_FBFETCH_FALLBACK uKW=_FORWARD_PLUS _MAIN_LIGHT_SHADOWS _ADDITIONAL_LIGHT_SHADOWS _VERTEXWAVEENABLED_ON _VERTEXNOISEDILATIONENABLED_ON _NOISEDILATIONENABLED_ON _NOISEXZTWISTENABLED_ON _OBJECTSPACEUVS_ON _NOISEDISTORTIONENABLED_ON _NOISEDISTORTIONDILATIONENABLED_ON _VERTICALMASK2_ON _VERTICALMASK1_ON _RADIALMASKSUBTRACTIVE_ON _RADIALMASKDISTORTIONENABLED_ON _RADIALMASKDISTORTIONDILATIONENABLED_ON _VERTICALMASK1SUBTRACTIVE_ON _VERTICALMASK2SUBTRACTIVE_ON dKW=DOTS_INSTANCING_ON _MAIN_LIGHT_SHADOWS_CASCADE _MAIN_LIGHT_SHADOWS_SCREEN _ADDITIONAL_LIGHTS _SWAPUVXY_ON _VERTEXNOISEENABLED_ON _WORLDSPACEUVS_ON _ADDITIONALLIGHTSTRANSPARENCYSHADOWENABLED_ON _MAINLIGHTTRANSPARENCYSHADOWENABLED_ON _SPHERIZENOISE_ON _RADIALMASK_ON _VERTICALMASKSOBJECTSPACE_ON _INVERTDEPTHFADE_ON UNITY_NO_DXT5nm UNITY_METAL_SHADOWS_USE_POINT_FILTERING UNITY_NO_SCREENSPACE_SHADOWS UNITY_PBS_USE_BRDF2 UNITY_PBS_USE_BRDF3 UNITY_HARDWARE_TIER1 UNITY_HARDWARE_TIER2 UNITY_HARDWARE_TIER3 UNITY_COLORSPACE_GAMMA UNITY_LIGHTMAP_DLDR_ENCODING UNITY_LIGHTMAP_RGBM_ENCODING UNITY_VIRTUAL_TEXTURING UNITY_PRETRANSFORM_TO_DISPLAY_ORIENTATION UNITY_ASTC_NORMALMAP_ENCODING SHADER_API_GLES30 UNITY_UNIFIED_SHADER_PRECISION_MODEL flags=4294967328 lang=3 type=Vertex platform=metal reqs=1298411 mask=6 start=3640  error: 1 plat 28 at /Users/karolinelujan/LuminaGame/Library/PackageCache/com.unity.render-pipelines.universal@2626908b593c/ShaderLibrary/ForwardPlusKeyword.deprecated.hlsl(12): _FORWARD_PLUS shader keyword has been deprecated. Please update your shaders to use _CLUSTER_LIGHT_LOOP shader keyword instead, otherwise shader compilation times may be negatively affected.
  error: 1 plat 14 at Assets/Mirza/Solaris/Shaders/Solaris.shader(3961): implicit truncation of vector type
  error: 1 plat 14 at Assets/Mirza/Solaris/Shaders/Solaris.shader(3968): pow(f, e) will not work for negative f, use abs(f) or conditionally handle negative values if you expect them
  error: 1 plat 14 at Assets/Mirza/Solaris/Shaders/Solaris.shader(3975): pow(f, e) will not work for negative f, use abs(f) or conditionally handle negative values if you expect them
  error: 1 plat 14 at Assets/Mirza/Solaris/Shaders/Solaris.shader(4042): pow(f, e) will not work for negative f, use abs(f) or conditionally handle negative values if you expect them
  error: 1 plat 14 at Assets/Mirza/Solaris/Shaders/Solaris.shader(4052): pow(f, e) will not work for negative f, use abs(f) or conditionally handle negative values if you expect them
  error: 1 plat 14 at Assets/Mirza/Solaris/Shaders/Solaris.shader(4070): pow(f, e) will not work for negative f, use abs(f) or conditionally handle negative values if you expect them
  error: 1 plat 14 at Assets/Mirza/Solaris/Shaders/_Includes/Solaris.hlsl(17): 'multi_compile' : unknown pragma ignored
  error: 1 plat 14 at Assets/Mirza/Solaris/Shaders/_Includes/Solaris.hlsl(19): 'multi_compile' : unknown pragma ignored
  error: 1 plat 14 at Assets/Mirza/Solaris/Shaders/_Includes/Solaris.hlsl(21): 'multi_compile' : unknown pragma ignored
  error: 1 plat 14 at Assets/Mirza/Solaris/Shaders/_Includes/Solaris.hlsl(22): 'multi_compile' : unknown pragma ignored
  error: 1 plat 14 at Assets/Mirza/VFXToolkit/Shaders/_Includes/External/psrdnoise.hlsl(173): floating point division by zero
  error: 1 plat 14 at Assets/Mirza/VFXToolkit/Shaders/_Includes/External/psrdnoise.hlsl(175): floating point division by zero
  error: 1 plat 14 at Assets/Mirza/VFXToolkit/Shaders/_Includes/External/psrdnoise.hlsl(177): floating point division by zero
  error: 1 plat 28 at Assets/Mirza/VFXToolkit/Shaders/_Includes/Math.cginc(3): 'PI': macro redefinition. Previous definition found at /Users/karolinelujan/LuminaGame/Library/PackageCache/com.unity.render-pipelines.core@265bc324f310/ShaderLibrary/Macros.hlsl:23.
 ok=1 outsize=27143

Cmd: compileSnippet
  insize=51646 file=Assets/Mirza/Solaris/Shaders/Solaris.shader name=Mirza/Solaris pass=SceneSelectionPass ppOnly=0 stripLineD=0 buildPlatform=2 rsLen=0 pKW=UNITY_ENABLE_REFLECTION_BUFFERS UNITY_FRAMEBUFFER_FETCH_AVAILABLE UNITY_USE_DITHER_MASK_FOR_ALPHABLENDED_SHADOWS UNITY_PBS_USE_BRDF1 UNITY_SPECCUBE_BOX_PROJECTION UNITY_SPECCUBE_BLENDING UNITY_ENABLE_DETAIL_NORMALMAP SHADER_API_DESKTOP UNITY_LIGHT_PROBE_PROXY_VOLUME UNITY_LIGHTMAP_FULL_HDR UNITY_NEEDS_RENDERPASS_FBFETCH_FALLBACK uKW=_FORWARD_PLUS _MAIN_LIGHT_SHADOWS_CASCADE _ADDITIONAL_LIGHT_SHADOWS _VERTEXNOISEDILATIONENABLED_ON _WORLDSPACEUVS_ON _NOISEDILATIONENABLED_ON _OBJECTSPACEUVS_ON _NOISEDISTORTIONENABLED_ON _NOISEDISTORTIONDILATIONENABLED_ON _RADIALMASKSUBTRACTIVE_ON _RADIALMASKDISTORTIONENABLED_ON _RADIALMASKDISTORTIONDILATIONENABLED_ON _VERTICALMASKSOBJECTSPACE_ON dKW=DOTS_INSTANCING_ON _MAIN_LIGHT_SHADOWS _MAIN_LIGHT_SHADOWS_SCREEN _ADDITIONAL_LIGHTS _SWAPUVXY_ON _VERTEXWAVEENABLED_ON _VERTEXNOISEENABLED_ON _ADDITIONALLIGHTSTRANSPARENCYSHADOWENABLED_ON _MAINLIGHTTRANSPARENCYSHADOWENABLED_ON _VERTICALMASK2_ON _VERTICALMASK1_ON _NOISEXZTWISTENABLED_ON _SPHERIZENOISE_ON _RADIALMASK_ON _VERTICALMASK1SUBTRACTIVE_ON _VERTICALMASK2SUBTRACTIVE_ON _INVERTDEPTHFADE_ON UNITY_NO_DXT5nm UNITY_METAL_SHADOWS_USE_POINT_FILTERING UNITY_NO_SCREENSPACE_SHADOWS UNITY_PBS_USE_BRDF2 UNITY_PBS_USE_BRDF3 UNITY_HARDWARE_TIER1 UNITY_HARDWARE_TIER2 UNITY_HARDWARE_TIER3 UNITY_COLORSPACE_GAMMA UNITY_LIGHTMAP_DLDR_ENCODING UNITY_LIGHTMAP_RGBM_ENCODING UNITY_VIRTUAL_TEXTURING UNITY_PRETRANSFORM_TO_DISPLAY_ORIENTATION UNITY_ASTC_NORMALMAP_ENCODING SHADER_API_GLES30 UNITY_UNIFIED_SHADER_PRECISION_MODEL flags=4294967328 lang=3 type=Vertex platform=metal reqs=1298411 mask=6 start=2659  error: 1 plat 28 at /Users/karolinelujan/LuminaGame/Library/PackageCache/com.unity.render-pipelines.universal@2626908b593c/ShaderLibrary/ForwardPlusKeyword.deprecated.hlsl(12): _FORWARD_PLUS shader keyword has been deprecated. Please update your shaders to use _CLUSTER_LIGHT_LOOP shader keyword instead, otherwise shader compilation times may be negatively affected.
  error: 1 plat 14 at Assets/Mirza/Solaris/Shaders/Solaris.shader(2976): implicit truncation of vector type
  error: 1 plat 14 at Assets/Mirza/Solaris/Shaders/Solaris.shader(2983): pow(f, e) will not work for negative f, use abs(f) or conditionally handle negative values if you expect them
  error: 1 plat 14 at Assets/Mirza/Solaris/Shaders/Solaris.shader(2990): pow(f, e) will not work for negative f, use abs(f) or conditionally handle negative values if you expect them
  error: 1 plat 14 at Assets/Mirza/Solaris/Shaders/Solaris.shader(3057): pow(f, e) will not work for negative f, use abs(f) or conditionally handle negative values if you expect them
  error: 1 plat 14 at Assets/Mirza/Solaris/Shaders/Solaris.shader(3067): pow(f, e) will not work for negative f, use abs(f) or conditionally handle negative values if you expect them
  error: 1 plat 14 at Assets/Mirza/Solaris/Shaders/Solaris.shader(3085): pow(f, e) will not work for negative f, use abs(f) or conditionally handle negative values if you expect them
  error: 1 plat 14 at Assets/Mirza/Solaris/Shaders/_Includes/Solaris.hlsl(17): 'multi_compile' : unknown pragma ignored
  error: 1 plat 14 at Assets/Mirza/Solaris/Shaders/_Includes/Solaris.hlsl(19): 'multi_compile' : unknown pragma ignored
  error: 1 plat 14 at Assets/Mirza/Solaris/Shaders/_Includes/Solaris.hlsl(21): 'multi_compile' : unknown pragma ignored
  error: 1 plat 14 at Assets/Mirza/Solaris/Shaders/_Includes/Solaris.hlsl(22): 'multi_compile' : unknown pragma ignored
  error: 1 plat 14 at Assets/Mirza/VFXToolkit/Shaders/_Includes/External/psrdnoise.hlsl(173): floating point division by zero
  error: 1 plat 14 at Assets/Mirza/VFXToolkit/Shaders/_Includes/External/psrdnoise.hlsl(175): floating point division by zero
  error: 1 plat 14 at Assets/Mirza/VFXToolkit/Shaders/_Includes/External/psrdnoise.hlsl(177): floating point division by zero
  error: 1 plat 28 at Assets/Mirza/VFXToolkit/Shaders/_Includes/Math.cginc(3): 'PI': macro redefinition. Previous definition found at /Users/karolinelujan/LuminaGame/Library/PackageCache/com.unity.render-pipelines.core@265bc324f310/ShaderLibrary/Macros.hlsl:23.
 ok=1 outsize=25997

